[debug] [2025-08-28T09:19:56.222Z] ----------------------------------------------------------------------
[debug] [2025-08-28T09:19:56.224Z] Command:       C:\Program Files\nodejs\node.exe C:\Users\dhrum\AppData\Roaming\npm\node_modules\firebase-tools\lib\bin\firebase.js init
[debug] [2025-08-28T09:19:56.225Z] CLI Version:   14.15.0
[debug] [2025-08-28T09:19:56.225Z] Platform:      win32
[debug] [2025-08-28T09:19:56.225Z] Node Version:  v20.17.0
[debug] [2025-08-28T09:19:56.225Z] Time:          Thu Aug 28 2025 14:49:56 GMT+0530 (India Standard Time)
[debug] [2025-08-28T09:19:56.225Z] ----------------------------------------------------------------------
[debug] 
[debug] [2025-08-28T09:19:56.229Z] > command requires scopes: ["email","openid","https://www.googleapis.com/auth/cloudplatformprojects.readonly","https://www.googleapis.com/auth/firebase","https://www.googleapis.com/auth/cloud-platform"]
[debug] [2025-08-28T09:19:56.229Z] > authorizing via signed-in user (dhrumilshah71011@gmail.com)
[info] 
     ######## #### ########  ######## ########     ###     ######  ########
     ##        ##  ##     ## ##       ##     ##  ##   ##  ##       ##
     ######    ##  ########  ######   ########  #########  ######  ######
     ##        ##  ##    ##  ##       ##     ## ##     ##       ## ##
     ##       #### ##     ## ######## ########  ##     ##  ######  ########

You're about to initialize a Firebase project in this directory:

  D:\as

[info] 
=== Project Setup
[info] 
[info] First, let's associate this project directory with a Firebase project.
[info] You can create multiple project aliases by running firebase use --add, 
[info] but for now we'll just set up a default project.
[info] 
[debug] [2025-08-28T09:20:44.958Z] Checked if tokens are valid: true, expires at: 1756376358373
[debug] [2025-08-28T09:20:44.959Z] Checked if tokens are valid: true, expires at: 1756376358373
[debug] [2025-08-28T09:20:44.962Z] >>> [apiv2][query] GET https://firebase.googleapis.com/v1beta1/projects pageSize=100
[debug] [2025-08-28T09:20:46.232Z] <<< [apiv2][status] GET https://firebase.googleapis.com/v1beta1/projects 200
[debug] [2025-08-28T09:20:46.232Z] <<< [apiv2][body] GET https://firebase.googleapis.com/v1beta1/projects [omitted]
[info] i  Using project snapflow-studio-epzjo (SnapFlow Studio) 
[info] 
=== Hosting Setup
[debug] [2025-08-28T09:20:50.917Z] Checked if tokens are valid: true, expires at: 1756376358373
[debug] [2025-08-28T09:20:50.918Z] Checked if tokens are valid: true, expires at: 1756376358373
[debug] [2025-08-28T09:20:50.918Z] >>> [apiv2][query] GET https://firebase.googleapis.com/v1beta1/projects/snapflow-studio-epzjo [none]
[debug] [2025-08-28T09:20:51.324Z] <<< [apiv2][status] GET https://firebase.googleapis.com/v1beta1/projects/snapflow-studio-epzjo 200
[debug] [2025-08-28T09:20:51.325Z] <<< [apiv2][body] GET https://firebase.googleapis.com/v1beta1/projects/snapflow-studio-epzjo {"projectId":"snapflow-studio-epzjo","projectNumber":"384553966849","displayName":"SnapFlow Studio","name":"projects/snapflow-studio-epzjo","resources":{"hostingSite":"snapflow-studio-epzjo"},"state":"ACTIVE","etag":"1_48be595f-a9f7-498c-ad7f-ccbfc8769751"}
[info] 
[info] Your public directory is the folder (relative to your project directory) that
[info] will contain Hosting assets to be uploaded with firebase deploy. If you
[info] have a build process for your assets, use your build's output directory.
[info] 
